mode: atomic
github.com/jontk/slurm-exporter/cmd/validate-config/main.go:18.13,21.23 2 0
github.com/jontk/slurm-exporter/cmd/validate-config/main.go:21.23,25.3 3 0
github.com/jontk/slurm-exporter/cmd/validate-config/main.go:28.2,29.16 2 0
github.com/jontk/slurm-exporter/cmd/validate-config/main.go:29.16,30.24 1 0
github.com/jontk/slurm-exporter/cmd/validate-config/main.go:30.24,36.4 2 0
github.com/jontk/slurm-exporter/cmd/validate-config/main.go:36.9,38.4 1 0
github.com/jontk/slurm-exporter/cmd/validate-config/main.go:39.3,39.13 1 0
github.com/jontk/slurm-exporter/cmd/validate-config/main.go:43.2,43.23 1 0
github.com/jontk/slurm-exporter/cmd/validate-config/main.go:43.23,51.3 2 0
github.com/jontk/slurm-exporter/cmd/validate-config/main.go:51.8,64.44 9 0
github.com/jontk/slurm-exporter/cmd/validate-config/main.go:64.44,66.4 1 0
github.com/jontk/slurm-exporter/cmd/validate-config/main.go:70.56,86.42 3 0
github.com/jontk/slurm-exporter/cmd/validate-config/main.go:86.42,87.16 1 0
github.com/jontk/slurm-exporter/cmd/validate-config/main.go:87.16,89.4 1 0
github.com/jontk/slurm-exporter/cmd/validate-config/main.go:92.2,92.16 1 0
github.com/jontk/slurm-exporter/internal/batch/batch_integration.go:34.34,35.20 1 0
github.com/jontk/slurm-exporter/internal/batch/batch_integration.go:36.13,37.41 1 0
github.com/jontk/slurm-exporter/internal/batch/batch_integration.go:37.41,39.4 1 0
github.com/jontk/slurm-exporter/internal/batch/batch_integration.go:40.14,41.43 1 0
github.com/jontk/slurm-exporter/internal/batch/batch_integration.go:41.43,43.4 1 0
github.com/jontk/slurm-exporter/internal/batch/batch_integration.go:44.19,45.53 1 0
github.com/jontk/slurm-exporter/internal/batch/batch_integration.go:45.53,47.4 1 0
github.com/jontk/slurm-exporter/internal/batch/batch_integration.go:49.2,49.49 1 0
github.com/jontk/slurm-exporter/internal/batch/batch_integration.go:52.32,54.20 1 0
github.com/jontk/slurm-exporter/internal/batch/batch_integration.go:55.13,56.14 1 0
github.com/jontk/slurm-exporter/internal/batch/batch_integration.go:57.14,58.13 1 0
github.com/jontk/slurm-exporter/internal/batch/batch_integration.go:59.19,60.13 1 0
github.com/jontk/slurm-exporter/internal/batch/batch_integration.go:61.10,62.13 1 0
github.com/jontk/slurm-exporter/internal/batch/batch_integration.go:66.35,68.2 1 0
github.com/jontk/slurm-exporter/internal/batch/batch_integration.go:70.36,72.20 1 0
github.com/jontk/slurm-exporter/internal/batch/batch_integration.go:73.13,74.12 1 0
github.com/jontk/slurm-exporter/internal/batch/batch_integration.go:75.14,76.11 1 0
github.com/jontk/slurm-exporter/internal/batch/batch_integration.go:77.19,78.11 1 0
github.com/jontk/slurm-exporter/internal/batch/batch_integration.go:79.10,80.11 1 0
github.com/jontk/slurm-exporter/internal/batch/batch_integration.go:84.43,86.2 1 0
github.com/jontk/slurm-exporter/internal/batch/batch_integration.go:93.30,95.16 2 0
github.com/jontk/slurm-exporter/internal/batch/batch_integration.go:95.16,97.3 1 0
github.com/jontk/slurm-exporter/internal/batch/batch_integration.go:99.2,108.16 3 0
github.com/jontk/slurm-exporter/internal/batch/batch_integration.go:108.16,110.3 1 0
github.com/jontk/slurm-exporter/internal/batch/batch_integration.go:112.2,127.16 4 0
github.com/jontk/slurm-exporter/internal/batch/batch_integration.go:131.50,133.98 1 0
github.com/jontk/slurm-exporter/internal/batch/batch_integration.go:133.98,135.30 2 0
github.com/jontk/slurm-exporter/internal/batch/batch_integration.go:135.30,136.39 1 0
github.com/jontk/slurm-exporter/internal/batch/batch_integration.go:136.39,137.44 1 0
github.com/jontk/slurm-exporter/internal/batch/batch_integration.go:137.44,139.6 1 0
github.com/jontk/slurm-exporter/internal/batch/batch_integration.go:142.3,142.39 1 0
github.com/jontk/slurm-exporter/internal/batch/batch_integration.go:146.2,146.99 1 0
github.com/jontk/slurm-exporter/internal/batch/batch_integration.go:146.99,148.30 2 0
github.com/jontk/slurm-exporter/internal/batch/batch_integration.go:148.30,149.39 1 0
github.com/jontk/slurm-exporter/internal/batch/batch_integration.go:149.39,150.46 1 0
github.com/jontk/slurm-exporter/internal/batch/batch_integration.go:150.46,152.6 1 0
github.com/jontk/slurm-exporter/internal/batch/batch_integration.go:155.3,155.41 1 0
github.com/jontk/slurm-exporter/internal/batch/batch_integration.go:159.2,159.104 1 0
github.com/jontk/slurm-exporter/internal/batch/batch_integration.go:159.104,161.30 2 0
github.com/jontk/slurm-exporter/internal/batch/batch_integration.go:161.30,162.39 1 0
github.com/jontk/slurm-exporter/internal/batch/batch_integration.go:162.39,163.56 1 0
github.com/jontk/slurm-exporter/internal/batch/batch_integration.go:163.56,165.6 1 0
github.com/jontk/slurm-exporter/internal/batch/batch_integration.go:168.3,168.51 1 0
github.com/jontk/slurm-exporter/internal/batch/batch_integration.go:173.49,174.34 1 0
github.com/jontk/slurm-exporter/internal/batch/batch_integration.go:174.34,175.49 1 0
github.com/jontk/slurm-exporter/internal/batch/batch_integration.go:175.49,177.4 1 0
github.com/jontk/slurm-exporter/internal/batch/batch_integration.go:182.91,187.27 3 0
github.com/jontk/slurm-exporter/internal/batch/batch_integration.go:187.27,189.3 1 0
github.com/jontk/slurm-exporter/internal/batch/batch_integration.go:192.2,192.44 1 0
github.com/jontk/slurm-exporter/internal/batch/batch_integration.go:192.44,203.17 2 0
github.com/jontk/slurm-exporter/internal/batch/batch_integration.go:203.17,205.4 1 0
github.com/jontk/slurm-exporter/internal/batch/batch_integration.go:208.3,209.33 2 0
github.com/jontk/slurm-exporter/internal/batch/batch_integration.go:209.33,212.4 2 0
github.com/jontk/slurm-exporter/internal/batch/batch_integration.go:215.3,216.107 2 0
github.com/jontk/slurm-exporter/internal/batch/batch_integration.go:219.2,219.12 1 0
github.com/jontk/slurm-exporter/internal/batch/batch_integration.go:223.94,228.29 3 0
github.com/jontk/slurm-exporter/internal/batch/batch_integration.go:228.29,230.3 1 0
github.com/jontk/slurm-exporter/internal/batch/batch_integration.go:233.2,233.46 1 0
github.com/jontk/slurm-exporter/internal/batch/batch_integration.go:233.46,242.35 4 0
github.com/jontk/slurm-exporter/internal/batch/batch_integration.go:242.35,245.4 2 0
github.com/jontk/slurm-exporter/internal/batch/batch_integration.go:247.3,248.108 2 0
github.com/jontk/slurm-exporter/internal/batch/batch_integration.go:251.2,251.12 1 0
github.com/jontk/slurm-exporter/internal/batch/batch_integration.go:255.109,258.39 2 0
github.com/jontk/slurm-exporter/internal/batch/batch_integration.go:258.39,269.3 5 0
github.com/jontk/slurm-exporter/internal/batch/batch_integration.go:271.2,271.12 1 0
github.com/jontk/slurm-exporter/internal/batch/batch_integration.go:275.54,276.9 1 0
github.com/jontk/slurm-exporter/internal/batch/batch_integration.go:281.4,281.4 0 0
github.com/jontk/slurm-exporter/internal/batch/batch_integration.go:282.10,283.56 1 0
github.com/jontk/slurm-exporter/internal/batch/batch_integration.go:288.57,289.9 1 0
github.com/jontk/slurm-exporter/internal/batch/batch_integration.go:294.4,294.4 0 0
github.com/jontk/slurm-exporter/internal/batch/batch_integration.go:295.10,296.57 1 0
github.com/jontk/slurm-exporter/internal/batch/batch_integration.go:301.72,302.9 1 0
github.com/jontk/slurm-exporter/internal/batch/batch_integration.go:307.4,307.4 0 0
github.com/jontk/slurm-exporter/internal/batch/batch_integration.go:308.10,309.62 1 0
github.com/jontk/slurm-exporter/internal/batch/batch_integration.go:314.66,316.2 1 0
github.com/jontk/slurm-exporter/internal/batch/batch_integration.go:319.93,325.16 3 0
github.com/jontk/slurm-exporter/internal/batch/batch_integration.go:325.16,327.3 1 0
github.com/jontk/slurm-exporter/internal/batch/batch_integration.go:330.2,330.29 1 0
github.com/jontk/slurm-exporter/internal/batch/batch_integration.go:330.29,331.28 1 0
github.com/jontk/slurm-exporter/internal/batch/batch_integration.go:331.28,334.4 1 0
github.com/jontk/slurm-exporter/internal/batch/batch_integration.go:338.2,338.38 1 0
github.com/jontk/slurm-exporter/internal/batch/batch_integration.go:342.63,354.2 4 0
github.com/jontk/slurm-exporter/internal/batch/batch_integration.go:357.42,366.44 5 0
github.com/jontk/slurm-exporter/internal/batch/batch_integration.go:366.44,368.3 1 0
github.com/jontk/slurm-exporter/internal/batch/batch_integration.go:370.2,370.42 1 0
github.com/jontk/slurm-exporter/internal/batch/batch_integration.go:370.42,372.3 1 0
github.com/jontk/slurm-exporter/internal/batch/batch_integration.go:374.2,374.12 1 0
github.com/jontk/slurm-exporter/internal/adaptive/integration_example.go:49.37,53.16 2 0
github.com/jontk/slurm-exporter/internal/adaptive/integration_example.go:53.16,55.3 1 0
github.com/jontk/slurm-exporter/internal/adaptive/integration_example.go:57.2,66.8 2 0
github.com/jontk/slurm-exporter/internal/adaptive/integration_example.go:70.112,88.2 6 0
github.com/jontk/slurm-exporter/internal/adaptive/integration_example.go:91.50,93.83 1 0
github.com/jontk/slurm-exporter/internal/adaptive/integration_example.go:93.83,95.3 1 0
github.com/jontk/slurm-exporter/internal/adaptive/integration_example.go:98.2,106.12 6 0
github.com/jontk/slurm-exporter/internal/adaptive/integration_example.go:110.43,114.2 3 0
github.com/jontk/slurm-exporter/internal/adaptive/integration_example.go:117.54,123.6 4 0
github.com/jontk/slurm-exporter/internal/adaptive/integration_example.go:123.6,124.10 1 0
github.com/jontk/slurm-exporter/internal/adaptive/integration_example.go:125.24,126.10 1 0
github.com/jontk/slurm-exporter/internal/adaptive/integration_example.go:127.19,128.30 1 0
github.com/jontk/slurm-exporter/internal/adaptive/integration_example.go:134.60,140.16 4 0
github.com/jontk/slurm-exporter/internal/adaptive/integration_example.go:140.16,143.3 2 0
github.com/jontk/slurm-exporter/internal/adaptive/integration_example.go:145.2,146.16 2 0
github.com/jontk/slurm-exporter/internal/adaptive/integration_example.go:146.16,149.3 2 0
github.com/jontk/slurm-exporter/internal/adaptive/integration_example.go:151.2,152.16 2 0
github.com/jontk/slurm-exporter/internal/adaptive/integration_example.go:152.16,155.3 2 0
github.com/jontk/slurm-exporter/internal/adaptive/integration_example.go:158.2,168.38 4 0
github.com/jontk/slurm-exporter/internal/adaptive/integration_example.go:172.58,178.6 4 0
github.com/jontk/slurm-exporter/internal/adaptive/integration_example.go:178.6,179.10 1 0
github.com/jontk/slurm-exporter/internal/adaptive/integration_example.go:180.24,181.10 1 0
github.com/jontk/slurm-exporter/internal/adaptive/integration_example.go:182.19,183.32 1 0
github.com/jontk/slurm-exporter/internal/adaptive/integration_example.go:189.62,194.42 4 0
github.com/jontk/slurm-exporter/internal/adaptive/integration_example.go:194.42,196.59 2 0
github.com/jontk/slurm-exporter/internal/adaptive/integration_example.go:196.59,198.4 1 0
github.com/jontk/slurm-exporter/internal/adaptive/integration_example.go:199.3,199.25 1 0
github.com/jontk/slurm-exporter/internal/adaptive/integration_example.go:201.2,204.42 2 0
github.com/jontk/slurm-exporter/internal/adaptive/integration_example.go:204.42,207.3 2 0
github.com/jontk/slurm-exporter/internal/adaptive/integration_example.go:211.103,215.25 3 0
github.com/jontk/slurm-exporter/internal/adaptive/integration_example.go:215.25,218.3 2 0
github.com/jontk/slurm-exporter/internal/adaptive/integration_example.go:219.2,222.15 3 0
github.com/jontk/slurm-exporter/internal/adaptive/integration_example.go:222.15,226.3 3 0
github.com/jontk/slurm-exporter/internal/adaptive/integration_example.go:228.2,258.16 13 0
github.com/jontk/slurm-exporter/internal/adaptive/integration_example.go:258.16,261.3 2 0
github.com/jontk/slurm-exporter/internal/adaptive/integration_example.go:261.8,263.3 1 0
github.com/jontk/slurm-exporter/internal/adaptive/integration_example.go:267.84,272.45 4 0
github.com/jontk/slurm-exporter/internal/adaptive/integration_example.go:272.45,283.3 3 0
github.com/jontk/slurm-exporter/internal/adaptive/integration_example.go:285.2,285.15 1 0
github.com/jontk/slurm-exporter/internal/adaptive/integration_example.go:299.79,301.2 1 0
github.com/jontk/slurm-exporter/internal/adaptive/integration_example.go:312.44,325.2 1 0
github.com/jontk/slurm-exporter/internal/adaptive/integration_example.go:327.73,331.2 3 0
github.com/jontk/slurm-exporter/internal/adaptive/integration_example.go:333.74,337.2 3 0
github.com/jontk/slurm-exporter/internal/adaptive/integration_example.go:339.98,345.30 4 0
github.com/jontk/slurm-exporter/internal/adaptive/integration_example.go:345.30,347.3 1 0
github.com/jontk/slurm-exporter/internal/adaptive/integration_example.go:348.2,348.21 1 0
github.com/jontk/slurm-exporter/internal/adaptive/integration_example.go:352.50,356.2 3 0
github.com/jontk/slurm-exporter/internal/adaptive/integration_example.go:359.51,363.2 3 0
github.com/jontk/slurm-exporter/internal/adaptive/integration_example.go:366.71,370.2 3 0
github.com/jontk/slurm-exporter/internal/adaptive/integration_example.go:373.21,391.16 6 0
github.com/jontk/slurm-exporter/internal/adaptive/integration_example.go:391.16,393.3 1 0
github.com/jontk/slurm-exporter/internal/adaptive/integration_example.go:396.2,396.68 1 0
github.com/jontk/slurm-exporter/internal/adaptive/integration_example.go:396.68,400.3 3 0
github.com/jontk/slurm-exporter/internal/adaptive/integration_example.go:402.2,402.69 1 0
github.com/jontk/slurm-exporter/internal/adaptive/integration_example.go:402.69,406.3 3 0
github.com/jontk/slurm-exporter/internal/adaptive/integration_example.go:408.2,408.74 1 0
github.com/jontk/slurm-exporter/internal/adaptive/integration_example.go:408.74,412.3 3 0
github.com/jontk/slurm-exporter/internal/adaptive/integration_example.go:415.2,415.40 1 0
github.com/jontk/slurm-exporter/internal/adaptive/integration_example.go:415.40,417.3 1 0
github.com/jontk/slurm-exporter/internal/adaptive/integration_example.go:420.2,420.12 1 0
github.com/jontk/slurm-exporter/internal/adaptive/integration_example.go:420.12,430.3 8 0
github.com/jontk/slurm-exporter/internal/adaptive/integration_example.go:433.2,443.67 6 0
github.com/jontk/slurm-exporter/internal/adaptive/scheduler.go:56.148,57.18 1 16
github.com/jontk/slurm-exporter/internal/adaptive/scheduler.go:57.18,66.3 2 3
github.com/jontk/slurm-exporter/internal/adaptive/scheduler.go:69.2,69.44 1 13
github.com/jontk/slurm-exporter/internal/adaptive/scheduler.go:69.44,71.3 1 3
github.com/jontk/slurm-exporter/internal/adaptive/scheduler.go:73.2,132.23 4 10
github.com/jontk/slurm-exporter/internal/adaptive/scheduler.go:136.64,137.26 1 13
github.com/jontk/slurm-exporter/internal/adaptive/scheduler.go:137.26,139.3 1 1
github.com/jontk/slurm-exporter/internal/adaptive/scheduler.go:140.2,140.26 1 12
github.com/jontk/slurm-exporter/internal/adaptive/scheduler.go:140.26,142.3 1 0
github.com/jontk/slurm-exporter/internal/adaptive/scheduler.go:143.2,143.27 1 12
github.com/jontk/slurm-exporter/internal/adaptive/scheduler.go:143.27,145.3 1 0
github.com/jontk/slurm-exporter/internal/adaptive/scheduler.go:146.2,146.40 1 12
github.com/jontk/slurm-exporter/internal/adaptive/scheduler.go:146.40,148.3 1 1
github.com/jontk/slurm-exporter/internal/adaptive/scheduler.go:149.2,149.78 1 11
github.com/jontk/slurm-exporter/internal/adaptive/scheduler.go:149.78,151.3 1 1
github.com/jontk/slurm-exporter/internal/adaptive/scheduler.go:152.2,152.26 1 10
github.com/jontk/slurm-exporter/internal/adaptive/scheduler.go:152.26,154.3 1 0
github.com/jontk/slurm-exporter/internal/adaptive/scheduler.go:155.2,155.12 1 10
github.com/jontk/slurm-exporter/internal/adaptive/scheduler.go:159.84,160.16 1 2
github.com/jontk/slurm-exporter/internal/adaptive/scheduler.go:160.16,163.3 2 1
github.com/jontk/slurm-exporter/internal/adaptive/scheduler.go:165.2,165.22 1 1
github.com/jontk/slurm-exporter/internal/adaptive/scheduler.go:165.22,167.3 1 0
github.com/jontk/slurm-exporter/internal/adaptive/scheduler.go:169.2,179.39 3 1
github.com/jontk/slurm-exporter/internal/adaptive/scheduler.go:179.39,180.54 1 5
github.com/jontk/slurm-exporter/internal/adaptive/scheduler.go:180.54,182.4 1 0
github.com/jontk/slurm-exporter/internal/adaptive/scheduler.go:185.2,186.12 2 1
github.com/jontk/slurm-exporter/internal/adaptive/scheduler.go:190.84,191.16 1 4
github.com/jontk/slurm-exporter/internal/adaptive/scheduler.go:191.16,193.3 1 1
github.com/jontk/slurm-exporter/internal/adaptive/scheduler.go:195.2,198.65 3 3
github.com/jontk/slurm-exporter/internal/adaptive/scheduler.go:198.65,200.3 1 3
github.com/jontk/slurm-exporter/internal/adaptive/scheduler.go:203.2,203.30 1 0
github.com/jontk/slurm-exporter/internal/adaptive/scheduler.go:207.126,208.16 1 5
github.com/jontk/slurm-exporter/internal/adaptive/scheduler.go:208.16,210.3 1 0
github.com/jontk/slurm-exporter/internal/adaptive/scheduler.go:213.2,233.42 8 5
github.com/jontk/slurm-exporter/internal/adaptive/scheduler.go:233.42,234.36 1 6
github.com/jontk/slurm-exporter/internal/adaptive/scheduler.go:234.36,236.4 1 6
github.com/jontk/slurm-exporter/internal/adaptive/scheduler.go:238.2,252.44 4 5
github.com/jontk/slurm-exporter/internal/adaptive/scheduler.go:263.133,272.21 7 8
github.com/jontk/slurm-exporter/internal/adaptive/scheduler.go:272.21,274.3 1 4
github.com/jontk/slurm-exporter/internal/adaptive/scheduler.go:277.2,278.19 2 8
github.com/jontk/slurm-exporter/internal/adaptive/scheduler.go:278.19,282.25 4 8
github.com/jontk/slurm-exporter/internal/adaptive/scheduler.go:282.25,284.4 1 4
github.com/jontk/slurm-exporter/internal/adaptive/scheduler.go:288.2,288.28 1 8
github.com/jontk/slurm-exporter/internal/adaptive/scheduler.go:288.28,292.23 4 3
github.com/jontk/slurm-exporter/internal/adaptive/scheduler.go:292.23,294.4 1 3
github.com/jontk/slurm-exporter/internal/adaptive/scheduler.go:295.8,299.3 2 5
github.com/jontk/slurm-exporter/internal/adaptive/scheduler.go:302.2,311.22 6 8
github.com/jontk/slurm-exporter/internal/adaptive/scheduler.go:311.22,313.3 1 8
github.com/jontk/slurm-exporter/internal/adaptive/scheduler.go:315.2,319.3 1 8
github.com/jontk/slurm-exporter/internal/adaptive/scheduler.go:323.90,324.29 1 3
github.com/jontk/slurm-exporter/internal/adaptive/scheduler.go:324.29,326.3 1 0
github.com/jontk/slurm-exporter/internal/adaptive/scheduler.go:328.2,331.39 3 3
github.com/jontk/slurm-exporter/internal/adaptive/scheduler.go:331.39,332.52 1 4
github.com/jontk/slurm-exporter/internal/adaptive/scheduler.go:332.52,336.4 3 4
github.com/jontk/slurm-exporter/internal/adaptive/scheduler.go:339.2,339.22 1 3
github.com/jontk/slurm-exporter/internal/adaptive/scheduler.go:339.22,341.3 1 0
github.com/jontk/slurm-exporter/internal/adaptive/scheduler.go:343.2,343.43 1 3
github.com/jontk/slurm-exporter/internal/adaptive/scheduler.go:347.74,352.20 3 10
github.com/jontk/slurm-exporter/internal/adaptive/scheduler.go:352.20,353.20 1 8
github.com/jontk/slurm-exporter/internal/adaptive/scheduler.go:353.20,354.21 1 1
github.com/jontk/slurm-exporter/internal/adaptive/scheduler.go:354.21,356.5 1 0
github.com/jontk/slurm-exporter/internal/adaptive/scheduler.go:357.4,357.14 1 1
github.com/jontk/slurm-exporter/internal/adaptive/scheduler.go:359.3,360.31 2 7
github.com/jontk/slurm-exporter/internal/adaptive/scheduler.go:364.2,364.54 1 2
github.com/jontk/slurm-exporter/internal/adaptive/scheduler.go:364.54,366.3 1 1
github.com/jontk/slurm-exporter/internal/adaptive/scheduler.go:367.2,367.12 1 1
github.com/jontk/slurm-exporter/internal/adaptive/scheduler.go:371.73,372.25 1 20
github.com/jontk/slurm-exporter/internal/adaptive/scheduler.go:373.15,374.17 1 0
github.com/jontk/slurm-exporter/internal/adaptive/scheduler.go:375.15,376.26 1 0
github.com/jontk/slurm-exporter/internal/adaptive/scheduler.go:377.11,378.26 1 16
github.com/jontk/slurm-exporter/internal/adaptive/scheduler.go:379.13,380.26 1 0
github.com/jontk/slurm-exporter/internal/adaptive/scheduler.go:381.13,382.26 1 0
github.com/jontk/slurm-exporter/internal/adaptive/scheduler.go:383.12,384.26 1 0
github.com/jontk/slurm-exporter/internal/adaptive/scheduler.go:385.14,386.26 1 0
github.com/jontk/slurm-exporter/internal/adaptive/scheduler.go:387.14,388.26 1 0
github.com/jontk/slurm-exporter/internal/adaptive/scheduler.go:389.10,390.18 1 4
github.com/jontk/slurm-exporter/internal/adaptive/scheduler.go:395.58,400.29 3 9
github.com/jontk/slurm-exporter/internal/adaptive/scheduler.go:400.29,402.3 1 0
github.com/jontk/slurm-exporter/internal/adaptive/scheduler.go:404.2,404.30 1 9
github.com/jontk/slurm-exporter/internal/adaptive/scheduler.go:404.30,406.3 1 9
github.com/jontk/slurm-exporter/internal/adaptive/scheduler.go:408.2,408.12 1 0
github.com/jontk/slurm-exporter/internal/adaptive/scheduler.go:412.68,426.46 5 5
github.com/jontk/slurm-exporter/internal/adaptive/scheduler.go:426.46,434.35 4 5
github.com/jontk/slurm-exporter/internal/adaptive/scheduler.go:434.35,436.4 1 2
github.com/jontk/slurm-exporter/internal/adaptive/scheduler.go:436.9,436.42 1 3
github.com/jontk/slurm-exporter/internal/adaptive/scheduler.go:436.42,438.4 1 3
github.com/jontk/slurm-exporter/internal/adaptive/scheduler.go:442.2,444.69 2 5
github.com/jontk/slurm-exporter/internal/adaptive/scheduler.go:448.61,449.16 1 6
github.com/jontk/slurm-exporter/internal/adaptive/scheduler.go:449.16,451.3 1 0
github.com/jontk/slurm-exporter/internal/adaptive/scheduler.go:453.2,465.58 6 6
github.com/jontk/slurm-exporter/internal/adaptive/scheduler.go:469.102,470.16 1 2
github.com/jontk/slurm-exporter/internal/adaptive/scheduler.go:470.16,472.3 1 0
github.com/jontk/slurm-exporter/internal/adaptive/scheduler.go:474.2,480.15 5 2
github.com/jontk/slurm-exporter/internal/adaptive/scheduler.go:480.15,482.3 1 2
github.com/jontk/slurm-exporter/internal/adaptive/scheduler.go:486.67,487.16 1 1
github.com/jontk/slurm-exporter/internal/adaptive/scheduler.go:487.16,489.3 1 0
github.com/jontk/slurm-exporter/internal/adaptive/scheduler.go:491.2,497.16 5 1
github.com/jontk/slurm-exporter/internal/adaptive/scheduler.go:501.56,502.16 1 4
github.com/jontk/slurm-exporter/internal/adaptive/scheduler.go:502.16,504.3 1 0
github.com/jontk/slurm-exporter/internal/adaptive/scheduler.go:506.2,509.33 3 4
github.com/jontk/slurm-exporter/internal/adaptive/scheduler.go:509.33,511.3 1 2
github.com/jontk/slurm-exporter/internal/adaptive/scheduler.go:513.2,513.58 1 2
github.com/jontk/slurm-exporter/internal/adaptive/scheduler.go:517.47,519.2 1 2
github.com/jontk/slurm-exporter/internal/adaptive/scheduler.go:522.74,524.2 1 1
github.com/jontk/slurm-exporter/internal/adaptive/scheduler.go:527.64,528.16 1 3
github.com/jontk/slurm-exporter/internal/adaptive/scheduler.go:528.16,532.3 1 0
github.com/jontk/slurm-exporter/internal/adaptive/scheduler.go:534.2,553.56 5 3
github.com/jontk/slurm-exporter/internal/adaptive/scheduler.go:553.56,555.3 1 2
github.com/jontk/slurm-exporter/internal/adaptive/scheduler.go:556.2,558.14 2 3
github.com/jontk/slurm-exporter/internal/health/checks.go:40.82,41.41 1 3
github.com/jontk/slurm-exporter/internal/health/checks.go:41.41,53.47 4 3
github.com/jontk/slurm-exporter/internal/health/checks.go:53.47,59.4 5 1
github.com/jontk/slurm-exporter/internal/health/checks.go:61.3,65.17 3 2
github.com/jontk/slurm-exporter/internal/health/checks.go:65.17,71.4 5 1
github.com/jontk/slurm-exporter/internal/health/checks.go:73.3,78.18 4 1
github.com/jontk/slurm-exporter/internal/health/checks.go:78.18,80.4 1 1
github.com/jontk/slurm-exporter/internal/health/checks.go:82.3,82.15 1 1
github.com/jontk/slurm-exporter/internal/health/checks.go:87.94,88.41 1 4
github.com/jontk/slurm-exporter/internal/health/checks.go:88.41,100.35 5 4
github.com/jontk/slurm-exporter/internal/health/checks.go:100.35,103.22 2 8
github.com/jontk/slurm-exporter/internal/health/checks.go:103.22,105.13 2 1
github.com/jontk/slurm-exporter/internal/health/checks.go:108.4,112.23 3 7
github.com/jontk/slurm-exporter/internal/health/checks.go:112.23,116.13 4 1
github.com/jontk/slurm-exporter/internal/health/checks.go:120.4,120.35 1 6
github.com/jontk/slurm-exporter/internal/health/checks.go:120.35,125.13 5 1
github.com/jontk/slurm-exporter/internal/health/checks.go:126.10,126.42 1 5
github.com/jontk/slurm-exporter/internal/health/checks.go:126.42,131.13 5 1
github.com/jontk/slurm-exporter/internal/health/checks.go:135.4,135.34 1 4
github.com/jontk/slurm-exporter/internal/health/checks.go:135.34,137.24 2 2
github.com/jontk/slurm-exporter/internal/health/checks.go:137.24,141.14 4 0
github.com/jontk/slurm-exporter/internal/health/checks.go:145.4,146.72 2 4
github.com/jontk/slurm-exporter/internal/health/checks.go:150.3,158.25 7 4
github.com/jontk/slurm-exporter/internal/health/checks.go:158.25,162.4 3 2
github.com/jontk/slurm-exporter/internal/health/checks.go:162.9,162.31 1 2
github.com/jontk/slurm-exporter/internal/health/checks.go:162.31,165.4 2 0
github.com/jontk/slurm-exporter/internal/health/checks.go:165.9,168.4 2 2
github.com/jontk/slurm-exporter/internal/health/checks.go:170.3,170.15 1 4
github.com/jontk/slurm-exporter/internal/health/checks.go:175.77,176.41 1 2
github.com/jontk/slurm-exporter/internal/health/checks.go:176.41,190.17 7 2
github.com/jontk/slurm-exporter/internal/health/checks.go:190.17,191.53 1 2
github.com/jontk/slurm-exporter/internal/health/checks.go:191.53,194.5 2 2
github.com/jontk/slurm-exporter/internal/health/checks.go:195.4,195.56 1 2
github.com/jontk/slurm-exporter/internal/health/checks.go:195.56,197.5 1 2
github.com/jontk/slurm-exporter/internal/health/checks.go:201.3,211.14 10 2
github.com/jontk/slurm-exporter/internal/health/checks.go:211.14,213.4 1 2
github.com/jontk/slurm-exporter/internal/health/checks.go:214.3,214.14 1 2
github.com/jontk/slurm-exporter/internal/health/checks.go:214.14,216.4 1 2
github.com/jontk/slurm-exporter/internal/health/checks.go:217.3,217.21 1 2
github.com/jontk/slurm-exporter/internal/health/checks.go:217.21,219.4 1 2
github.com/jontk/slurm-exporter/internal/health/checks.go:222.3,222.72 1 2
github.com/jontk/slurm-exporter/internal/health/checks.go:222.72,227.4 3 0
github.com/jontk/slurm-exporter/internal/health/checks.go:227.9,227.92 1 2
github.com/jontk/slurm-exporter/internal/health/checks.go:227.92,231.4 2 0
github.com/jontk/slurm-exporter/internal/health/checks.go:231.9,234.4 2 2
github.com/jontk/slurm-exporter/internal/health/checks.go:236.3,238.15 2 2
github.com/jontk/slurm-exporter/internal/health/checks.go:243.67,244.41 1 2
github.com/jontk/slurm-exporter/internal/health/checks.go:244.41,254.17 3 2
github.com/jontk/slurm-exporter/internal/health/checks.go:254.17,259.4 4 1
github.com/jontk/slurm-exporter/internal/health/checks.go:261.3,267.30 6 1
github.com/jontk/slurm-exporter/internal/health/checks.go:267.30,271.4 3 0
github.com/jontk/slurm-exporter/internal/health/checks.go:271.9,271.41 1 1
github.com/jontk/slurm-exporter/internal/health/checks.go:271.41,274.4 2 1
github.com/jontk/slurm-exporter/internal/health/checks.go:274.9,277.4 2 0
github.com/jontk/slurm-exporter/internal/health/checks.go:279.3,279.15 1 1
github.com/jontk/slurm-exporter/internal/health/checks.go:284.40,285.41 1 1
github.com/jontk/slurm-exporter/internal/health/checks.go:285.41,293.17 3 1
github.com/jontk/slurm-exporter/internal/health/checks.go:293.17,298.4 4 0
github.com/jontk/slurm-exporter/internal/health/checks.go:300.3,300.22 1 1
github.com/jontk/slurm-exporter/internal/health/checks.go:300.22,305.4 4 0
github.com/jontk/slurm-exporter/internal/health/checks.go:307.3,312.30 4 1
github.com/jontk/slurm-exporter/internal/health/checks.go:312.30,313.14 1 1
github.com/jontk/slurm-exporter/internal/health/checks.go:313.14,314.10 1 0
github.com/jontk/slurm-exporter/internal/health/checks.go:316.4,320.80 5 1
github.com/jontk/slurm-exporter/internal/health/checks.go:323.3,323.15 1 1
github.com/jontk/slurm-exporter/internal/health/checks.go:328.88,329.41 1 3
github.com/jontk/slurm-exporter/internal/health/checks.go:329.41,340.38 5 3
github.com/jontk/slurm-exporter/internal/health/checks.go:340.38,342.60 1 7
github.com/jontk/slurm-exporter/internal/health/checks.go:342.60,343.52 1 7
github.com/jontk/slurm-exporter/internal/health/checks.go:343.52,347.22 3 7
github.com/jontk/slurm-exporter/internal/health/checks.go:348.18,349.42 1 1
github.com/jontk/slurm-exporter/internal/health/checks.go:350.23,351.40 1 2
github.com/jontk/slurm-exporter/internal/health/checks.go:352.20,353.21 1 4
github.com/jontk/slurm-exporter/internal/health/checks.go:359.3,364.25 5 3
github.com/jontk/slurm-exporter/internal/health/checks.go:364.25,368.4 3 1
github.com/jontk/slurm-exporter/internal/health/checks.go:368.9,368.31 1 2
github.com/jontk/slurm-exporter/internal/health/checks.go:368.31,371.4 2 1
github.com/jontk/slurm-exporter/internal/health/checks.go:371.9,374.4 2 1
github.com/jontk/slurm-exporter/internal/health/checks.go:376.3,376.15 1 3
github.com/jontk/slurm-exporter/internal/health/health.go:47.61,53.2 1 0
github.com/jontk/slurm-exporter/internal/health/health.go:56.73,62.2 4 0
github.com/jontk/slurm-exporter/internal/health/health.go:65.50,72.2 5 0
github.com/jontk/slurm-exporter/internal/health/health.go:75.71,78.36 3 0
github.com/jontk/slurm-exporter/internal/health/health.go:78.36,80.3 1 0
github.com/jontk/slurm-exporter/internal/health/health.go:81.2,93.38 5 0
github.com/jontk/slurm-exporter/internal/health/health.go:93.38,95.41 2 0
github.com/jontk/slurm-exporter/internal/health/health.go:95.41,105.4 7 0
github.com/jontk/slurm-exporter/internal/health/health.go:109.2,109.12 1 0
github.com/jontk/slurm-exporter/internal/health/health.go:109.12,112.3 2 0
github.com/jontk/slurm-exporter/internal/health/health.go:115.2,115.30 1 0
github.com/jontk/slurm-exporter/internal/health/health.go:115.30,124.24 5 0
github.com/jontk/slurm-exporter/internal/health/health.go:125.24,126.35 1 0
github.com/jontk/slurm-exporter/internal/health/health.go:127.23,128.38 1 0
github.com/jontk/slurm-exporter/internal/health/health.go:128.38,130.5 1 0
github.com/jontk/slurm-exporter/internal/health/health.go:134.2,142.15 3 0
github.com/jontk/slurm-exporter/internal/health/health.go:146.67,152.2 4 0
github.com/jontk/slurm-exporter/internal/health/health.go:163.40,165.2 1 0
github.com/jontk/slurm-exporter/internal/health/health.go:169.38,171.2 1 0
github.com/jontk/slurm-exporter/internal/health/health.go:174.58,175.54 1 0
github.com/jontk/slurm-exporter/internal/health/health.go:175.54,184.24 5 0
github.com/jontk/slurm-exporter/internal/health/health.go:185.22,186.32 1 0
github.com/jontk/slurm-exporter/internal/health/health.go:187.23,188.32 1 0
github.com/jontk/slurm-exporter/internal/health/health.go:189.24,190.48 1 0
github.com/jontk/slurm-exporter/internal/health/health.go:191.11,192.49 1 0
github.com/jontk/slurm-exporter/internal/health/health.go:195.3,195.59 1 0
github.com/jontk/slurm-exporter/internal/health/health.go:195.59,197.4 1 0
github.com/jontk/slurm-exporter/internal/health/health.go:202.61,203.54 1 0
github.com/jontk/slurm-exporter/internal/health/health.go:203.54,211.23 5 0
github.com/jontk/slurm-exporter/internal/health/health.go:211.23,213.4 1 0
github.com/jontk/slurm-exporter/internal/health/health.go:213.9,215.4 1 0
github.com/jontk/slurm-exporter/internal/health/health.go:218.3,222.32 1 0
github.com/jontk/slurm-exporter/internal/health/health.go:222.32,224.41 2 0
github.com/jontk/slurm-exporter/internal/health/health.go:224.41,225.73 1 0
github.com/jontk/slurm-exporter/internal/health/health.go:225.73,227.7 1 0
github.com/jontk/slurm-exporter/internal/health/health.go:229.5,229.18 1 0
github.com/jontk/slurm-exporter/internal/health/health.go:234.3,234.61 1 0
github.com/jontk/slurm-exporter/internal/health/health.go:234.61,236.4 1 0
github.com/jontk/slurm-exporter/internal/health/health.go:241.60,242.54 1 0
github.com/jontk/slurm-exporter/internal/health/health.go:242.54,256.3 4 0
github.com/jontk/slurm-exporter/internal/health/health.go:265.82,266.41 1 0
github.com/jontk/slurm-exporter/internal/health/health.go:266.41,286.10 5 0
github.com/jontk/slurm-exporter/internal/health/health.go:287.26,290.22 3 0
github.com/jontk/slurm-exporter/internal/health/health.go:291.44,291.44 0 0
github.com/jontk/slurm-exporter/internal/health/health.go:295.3,295.15 1 0
github.com/jontk/slurm-exporter/internal/health/health.go:300.107,301.41 1 0
github.com/jontk/slurm-exporter/internal/health/health.go:301.41,314.19 3 0
github.com/jontk/slurm-exporter/internal/health/health.go:314.19,317.4 2 0
github.com/jontk/slurm-exporter/internal/health/health.go:317.9,317.28 1 0
github.com/jontk/slurm-exporter/internal/health/health.go:317.28,320.4 2 0
github.com/jontk/slurm-exporter/internal/health/health.go:320.9,322.4 1 0
github.com/jontk/slurm-exporter/internal/health/health.go:324.3,324.15 1 0
github.com/jontk/slurm-exporter/internal/health/health.go:329.77,330.41 1 0
github.com/jontk/slurm-exporter/internal/health/health.go:330.41,332.17 2 0
github.com/jontk/slurm-exporter/internal/health/health.go:332.17,337.4 1 0
github.com/jontk/slurm-exporter/internal/health/health.go:339.3,340.17 2 0
github.com/jontk/slurm-exporter/internal/health/health.go:340.17,345.4 1 0
github.com/jontk/slurm-exporter/internal/health/health.go:346.3,355.39 3 0
github.com/jontk/slurm-exporter/internal/health/health.go:355.39,358.4 2 0
github.com/jontk/slurm-exporter/internal/health/health.go:358.9,361.4 2 0
github.com/jontk/slurm-exporter/internal/health/health.go:363.3,363.15 1 0
github.com/jontk/slurm-exporter/internal/filtering/integration_example.go:41.38,45.16 2 0
github.com/jontk/slurm-exporter/internal/filtering/integration_example.go:45.16,47.3 1 0
github.com/jontk/slurm-exporter/internal/filtering/integration_example.go:49.2,57.8 2 0
github.com/jontk/slurm-exporter/internal/filtering/integration_example.go:65.3,83.2 5 0
github.com/jontk/slurm-exporter/internal/filtering/integration_example.go:86.52,88.81 1 0
github.com/jontk/slurm-exporter/internal/filtering/integration_example.go:88.81,90.3 1 0
github.com/jontk/slurm-exporter/internal/filtering/integration_example.go:93.2,97.12 4 0
github.com/jontk/slurm-exporter/internal/filtering/integration_example.go:101.45,105.23 3 0
github.com/jontk/slurm-exporter/internal/filtering/integration_example.go:105.23,107.3 1 0
github.com/jontk/slurm-exporter/internal/filtering/integration_example.go:109.2,109.55 1 0
github.com/jontk/slurm-exporter/internal/filtering/integration_example.go:113.60,119.6 4 0
github.com/jontk/slurm-exporter/internal/filtering/integration_example.go:119.6,120.10 1 0
github.com/jontk/slurm-exporter/internal/filtering/integration_example.go:121.25,122.10 1 0
github.com/jontk/slurm-exporter/internal/filtering/integration_example.go:123.19,124.33 1 0
github.com/jontk/slurm-exporter/internal/filtering/integration_example.go:130.64,135.43 4 0
github.com/jontk/slurm-exporter/internal/filtering/integration_example.go:135.43,137.59 2 0
github.com/jontk/slurm-exporter/internal/filtering/integration_example.go:137.59,139.4 1 0
github.com/jontk/slurm-exporter/internal/filtering/integration_example.go:140.3,140.25 1 0
github.com/jontk/slurm-exporter/internal/filtering/integration_example.go:142.2,145.42 2 0
github.com/jontk/slurm-exporter/internal/filtering/integration_example.go:145.42,148.3 2 0
github.com/jontk/slurm-exporter/internal/filtering/integration_example.go:152.89,156.25 3 0
github.com/jontk/slurm-exporter/internal/filtering/integration_example.go:156.25,159.3 2 0
github.com/jontk/slurm-exporter/internal/filtering/integration_example.go:160.2,163.15 3 0
github.com/jontk/slurm-exporter/internal/filtering/integration_example.go:163.15,168.3 4 0
github.com/jontk/slurm-exporter/internal/filtering/integration_example.go:170.2,177.16 5 0
github.com/jontk/slurm-exporter/internal/filtering/integration_example.go:177.16,183.3 2 0
github.com/jontk/slurm-exporter/internal/filtering/integration_example.go:186.2,187.16 2 0
github.com/jontk/slurm-exporter/internal/filtering/integration_example.go:187.16,193.3 2 0
github.com/jontk/slurm-exporter/internal/filtering/integration_example.go:195.2,201.18 5 0
github.com/jontk/slurm-exporter/internal/filtering/integration_example.go:201.18,203.3 1 0
github.com/jontk/slurm-exporter/internal/filtering/integration_example.go:206.2,217.42 4 0
github.com/jontk/slurm-exporter/internal/filtering/integration_example.go:221.85,223.34 2 0
github.com/jontk/slurm-exporter/internal/filtering/integration_example.go:223.34,225.3 1 0
github.com/jontk/slurm-exporter/internal/filtering/integration_example.go:226.2,226.14 1 0
github.com/jontk/slurm-exporter/internal/filtering/integration_example.go:230.86,235.46 4 0
github.com/jontk/slurm-exporter/internal/filtering/integration_example.go:235.46,245.3 3 0
github.com/jontk/slurm-exporter/internal/filtering/integration_example.go:247.2,247.15 1 0
github.com/jontk/slurm-exporter/internal/filtering/integration_example.go:260.78,262.2 1 0
github.com/jontk/slurm-exporter/internal/filtering/integration_example.go:265.83,267.2 1 0
github.com/jontk/slurm-exporter/internal/filtering/integration_example.go:270.129,271.64 1 0
github.com/jontk/slurm-exporter/internal/filtering/integration_example.go:271.64,275.36 2 0
github.com/jontk/slurm-exporter/internal/filtering/integration_example.go:275.36,279.29 3 0
github.com/jontk/slurm-exporter/internal/filtering/integration_example.go:279.29,282.5 1 0
github.com/jontk/slurm-exporter/internal/filtering/integration_example.go:282.10,285.5 1 0
github.com/jontk/slurm-exporter/internal/filtering/integration_example.go:287.4,308.39 2 0
github.com/jontk/slurm-exporter/internal/filtering/integration_example.go:311.3,311.23 1 0
github.com/jontk/slurm-exporter/internal/filtering/integration_example.go:316.34,318.2 1 0
github.com/jontk/slurm-exporter/internal/filtering/integration_example.go:321.49,351.2 8 0
github.com/jontk/slurm-exporter/internal/filtering/integration_example.go:354.21,370.16 5 0
github.com/jontk/slurm-exporter/internal/filtering/integration_example.go:370.16,372.3 1 0
github.com/jontk/slurm-exporter/internal/filtering/integration_example.go:375.2,385.40 4 0
github.com/jontk/slurm-exporter/internal/filtering/integration_example.go:385.40,387.3 1 0
github.com/jontk/slurm-exporter/internal/filtering/integration_example.go:390.2,404.37 9 0
github.com/jontk/slurm-exporter/internal/filtering/integration_example.go:404.37,405.30 1 0
github.com/jontk/slurm-exporter/internal/filtering/integration_example.go:405.30,414.4 1 0
github.com/jontk/slurm-exporter/internal/filtering/integration_example.go:418.2,418.16 1 0
github.com/jontk/slurm-exporter/internal/filtering/integration_example.go:422.33,437.16 5 0
github.com/jontk/slurm-exporter/internal/filtering/integration_example.go:437.16,439.3 1 0
github.com/jontk/slurm-exporter/internal/filtering/integration_example.go:440.2,443.38 2 0
github.com/jontk/slurm-exporter/internal/filtering/integration_example.go:443.38,450.26 3 0
github.com/jontk/slurm-exporter/internal/filtering/integration_example.go:450.26,462.4 3 0
github.com/jontk/slurm-exporter/internal/filtering/integration_example.go:465.3,465.26 1 0
github.com/jontk/slurm-exporter/internal/filtering/integration_example.go:465.26,477.4 3 0
github.com/jontk/slurm-exporter/internal/filtering/integration_example.go:480.3,480.26 1 0
github.com/jontk/slurm-exporter/internal/filtering/integration_example.go:480.26,492.4 3 0
github.com/jontk/slurm-exporter/internal/filtering/integration_example.go:495.3,496.17 2 0
github.com/jontk/slurm-exporter/internal/filtering/integration_example.go:496.17,498.12 2 0
github.com/jontk/slurm-exporter/internal/filtering/integration_example.go:501.3,503.34 3 0
github.com/jontk/slurm-exporter/internal/filtering/integration_example.go:503.34,505.4 1 0
github.com/jontk/slurm-exporter/internal/filtering/integration_example.go:506.3,506.35 1 0
github.com/jontk/slurm-exporter/internal/filtering/integration_example.go:506.35,508.4 1 0
github.com/jontk/slurm-exporter/internal/filtering/integration_example.go:510.3,511.19 2 0
github.com/jontk/slurm-exporter/internal/filtering/integration_example.go:511.19,513.4 1 0
github.com/jontk/slurm-exporter/internal/filtering/integration_example.go:515.3,523.37 2 0
github.com/jontk/slurm-exporter/internal/filtering/integration_example.go:527.2,531.82 4 0
github.com/jontk/slurm-exporter/internal/filtering/smart_filter.go:42.39,43.11 1 16
github.com/jontk/slurm-exporter/internal/filtering/smart_filter.go:44.18,45.16 1 13
github.com/jontk/slurm-exporter/internal/filtering/smart_filter.go:46.20,47.18 1 1
github.com/jontk/slurm-exporter/internal/filtering/smart_filter.go:48.20,49.18 1 1
github.com/jontk/slurm-exporter/internal/filtering/smart_filter.go:50.10,51.19 1 1
github.com/jontk/slurm-exporter/internal/filtering/smart_filter.go:95.99,96.18 1 16
github.com/jontk/slurm-exporter/internal/filtering/smart_filter.go:96.18,105.3 2 2
github.com/jontk/slurm-exporter/internal/filtering/smart_filter.go:108.2,108.50 1 14
github.com/jontk/slurm-exporter/internal/filtering/smart_filter.go:108.50,110.3 1 3
github.com/jontk/slurm-exporter/internal/filtering/smart_filter.go:112.2,195.20 8 11
github.com/jontk/slurm-exporter/internal/filtering/smart_filter.go:199.66,200.54 1 14
github.com/jontk/slurm-exporter/internal/filtering/smart_filter.go:200.54,202.3 1 1
github.com/jontk/slurm-exporter/internal/filtering/smart_filter.go:203.2,203.24 1 13
github.com/jontk/slurm-exporter/internal/filtering/smart_filter.go:203.24,205.3 1 1
github.com/jontk/slurm-exporter/internal/filtering/smart_filter.go:206.2,206.29 1 12
github.com/jontk/slurm-exporter/internal/filtering/smart_filter.go:206.29,208.3 1 1
github.com/jontk/slurm-exporter/internal/filtering/smart_filter.go:209.2,209.27 1 11
github.com/jontk/slurm-exporter/internal/filtering/smart_filter.go:209.27,211.3 1 0
github.com/jontk/slurm-exporter/internal/filtering/smart_filter.go:212.2,212.55 1 11
github.com/jontk/slurm-exporter/internal/filtering/smart_filter.go:212.55,214.3 1 0
github.com/jontk/slurm-exporter/internal/filtering/smart_filter.go:215.2,215.12 1 11
github.com/jontk/slurm-exporter/internal/filtering/smart_filter.go:219.78,220.17 1 1
github.com/jontk/slurm-exporter/internal/filtering/smart_filter.go:220.17,222.3 1 0
github.com/jontk/slurm-exporter/internal/filtering/smart_filter.go:224.2,234.39 2 1
github.com/jontk/slurm-exporter/internal/filtering/smart_filter.go:234.39,235.54 1 7
github.com/jontk/slurm-exporter/internal/filtering/smart_filter.go:235.54,237.4 1 0
github.com/jontk/slurm-exporter/internal/filtering/smart_filter.go:240.2,241.12 2 1
github.com/jontk/slurm-exporter/internal/filtering/smart_filter.go:245.136,246.17 1 5
github.com/jontk/slurm-exporter/internal/filtering/smart_filter.go:246.17,248.3 1 1
github.com/jontk/slurm-exporter/internal/filtering/smart_filter.go:250.2,251.15 2 4
github.com/jontk/slurm-exporter/internal/filtering/smart_filter.go:251.15,253.3 1 4
github.com/jontk/slurm-exporter/internal/filtering/smart_filter.go:255.2,258.33 3 4
github.com/jontk/slurm-exporter/internal/filtering/smart_filter.go:258.33,260.28 2 8
github.com/jontk/slurm-exporter/internal/filtering/smart_filter.go:260.28,262.4 1 8
github.com/jontk/slurm-exporter/internal/filtering/smart_filter.go:263.3,264.39 2 8
github.com/jontk/slurm-exporter/internal/filtering/smart_filter.go:268.2,284.30 8 4
github.com/jontk/slurm-exporter/internal/filtering/smart_filter.go:288.139,289.46 1 8
github.com/jontk/slurm-exporter/internal/filtering/smart_filter.go:289.46,291.3 1 0
github.com/jontk/slurm-exporter/internal/filtering/smart_filter.go:293.2,297.39 4 8
github.com/jontk/slurm-exporter/internal/filtering/smart_filter.go:297.39,298.68 1 12
github.com/jontk/slurm-exporter/internal/filtering/smart_filter.go:298.68,300.4 1 12
github.com/jontk/slurm-exporter/internal/filtering/smart_filter.go:300.9,302.4 1 0
github.com/jontk/slurm-exporter/internal/filtering/smart_filter.go:305.2,305.31 1 8
github.com/jontk/slurm-exporter/internal/filtering/smart_filter.go:305.31,307.3 1 0
github.com/jontk/slurm-exporter/internal/filtering/smart_filter.go:310.2,317.50 2 8
github.com/jontk/slurm-exporter/internal/filtering/smart_filter.go:321.117,326.55 2 12
github.com/jontk/slurm-exporter/internal/filtering/smart_filter.go:326.55,329.3 2 0
github.com/jontk/slurm-exporter/internal/filtering/smart_filter.go:332.2,348.29 8 12
github.com/jontk/slurm-exporter/internal/filtering/smart_filter.go:352.80,353.28 1 14
github.com/jontk/slurm-exporter/internal/filtering/smart_filter.go:353.28,355.3 1 5
github.com/jontk/slurm-exporter/internal/filtering/smart_filter.go:358.2,359.37 2 9
github.com/jontk/slurm-exporter/internal/filtering/smart_filter.go:359.37,361.3 1 10
github.com/jontk/slurm-exporter/internal/filtering/smart_filter.go:362.2,362.12 1 9
github.com/jontk/slurm-exporter/internal/filtering/smart_filter.go:366.75,371.38 3 14
github.com/jontk/slurm-exporter/internal/filtering/smart_filter.go:371.38,373.3 1 4
github.com/jontk/slurm-exporter/internal/filtering/smart_filter.go:375.2,376.22 2 10
github.com/jontk/slurm-exporter/internal/filtering/smart_filter.go:380.71,385.48 3 17
github.com/jontk/slurm-exporter/internal/filtering/smart_filter.go:385.48,387.33 1 1
github.com/jontk/slurm-exporter/internal/filtering/smart_filter.go:387.33,389.52 2 2
github.com/jontk/slurm-exporter/internal/filtering/smart_filter.go:389.52,390.10 1 1
github.com/jontk/slurm-exporter/internal/filtering/smart_filter.go:395.2,398.29 2 17
github.com/jontk/slurm-exporter/internal/filtering/smart_filter.go:398.29,400.3 1 5
github.com/jontk/slurm-exporter/internal/filtering/smart_filter.go:404.96,409.13 4 12
github.com/jontk/slurm-exporter/internal/filtering/smart_filter.go:409.13,412.38 2 12
github.com/jontk/slurm-exporter/internal/filtering/smart_filter.go:412.38,414.4 1 8
github.com/jontk/slurm-exporter/internal/filtering/smart_filter.go:416.3,424.29 2 12
github.com/jontk/slurm-exporter/internal/filtering/smart_filter.go:427.2,427.16 1 12
github.com/jontk/slurm-exporter/internal/filtering/smart_filter.go:431.65,432.9 1 16
github.com/jontk/slurm-exporter/internal/filtering/smart_filter.go:433.27,434.33 1 9
github.com/jontk/slurm-exporter/internal/filtering/smart_filter.go:435.29,436.35 1 5
github.com/jontk/slurm-exporter/internal/filtering/smart_filter.go:437.29,438.35 1 1
github.com/jontk/slurm-exporter/internal/filtering/smart_filter.go:439.31,440.52 1 1
github.com/jontk/slurm-exporter/internal/filtering/smart_filter.go:441.29,442.50 1 0
github.com/jontk/slurm-exporter/internal/filtering/smart_filter.go:443.10,444.11 1 0
github.com/jontk/slurm-exporter/internal/filtering/smart_filter.go:449.77,462.52 8 12
github.com/jontk/slurm-exporter/internal/filtering/smart_filter.go:462.52,465.3 2 0
github.com/jontk/slurm-exporter/internal/filtering/smart_filter.go:468.2,468.30 1 12
github.com/jontk/slurm-exporter/internal/filtering/smart_filter.go:468.30,470.3 1 0
github.com/jontk/slurm-exporter/internal/filtering/smart_filter.go:474.68,480.27 4 1
github.com/jontk/slurm-exporter/internal/filtering/smart_filter.go:480.27,482.3 1 5
github.com/jontk/slurm-exporter/internal/filtering/smart_filter.go:483.2,487.27 3 1
github.com/jontk/slurm-exporter/internal/filtering/smart_filter.go:487.27,490.3 2 5
github.com/jontk/slurm-exporter/internal/filtering/smart_filter.go:491.2,494.11 2 1
github.com/jontk/slurm-exporter/internal/filtering/smart_filter.go:494.11,496.26 2 1
github.com/jontk/slurm-exporter/internal/filtering/smart_filter.go:496.26,497.24 1 4
github.com/jontk/slurm-exporter/internal/filtering/smart_filter.go:497.24,500.5 2 4
github.com/jontk/slurm-exporter/internal/filtering/smart_filter.go:502.3,502.46 1 1
github.com/jontk/slurm-exporter/internal/filtering/smart_filter.go:506.2,509.60 2 1
github.com/jontk/slurm-exporter/internal/filtering/smart_filter.go:513.76,524.2 4 3
github.com/jontk/slurm-exporter/internal/filtering/smart_filter.go:527.81,531.11 3 1
github.com/jontk/slurm-exporter/internal/filtering/smart_filter.go:531.11,533.3 1 0
github.com/jontk/slurm-exporter/internal/filtering/smart_filter.go:536.2,537.28 2 1
github.com/jontk/slurm-exporter/internal/filtering/smart_filter.go:537.28,539.3 1 5
github.com/jontk/slurm-exporter/internal/filtering/smart_filter.go:542.2,542.52 1 1
github.com/jontk/slurm-exporter/internal/filtering/smart_filter.go:546.69,548.26 2 4
github.com/jontk/slurm-exporter/internal/filtering/smart_filter.go:548.26,550.3 1 0
github.com/jontk/slurm-exporter/internal/filtering/smart_filter.go:553.2,555.25 3 4
github.com/jontk/slurm-exporter/internal/filtering/smart_filter.go:555.25,558.3 2 20
github.com/jontk/slurm-exporter/internal/filtering/smart_filter.go:559.2,567.25 6 4
github.com/jontk/slurm-exporter/internal/filtering/smart_filter.go:567.25,573.3 5 20
github.com/jontk/slurm-exporter/internal/filtering/smart_filter.go:575.2,576.22 2 4
github.com/jontk/slurm-exporter/internal/filtering/smart_filter.go:576.22,578.3 1 1
github.com/jontk/slurm-exporter/internal/filtering/smart_filter.go:580.2,580.32 1 3
github.com/jontk/slurm-exporter/internal/filtering/smart_filter.go:584.98,586.22 1 12
github.com/jontk/slurm-exporter/internal/filtering/smart_filter.go:586.22,588.3 1 12
github.com/jontk/slurm-exporter/internal/filtering/smart_filter.go:591.2,591.51 1 0
github.com/jontk/slurm-exporter/internal/filtering/smart_filter.go:591.51,594.3 1 0
github.com/jontk/slurm-exporter/internal/filtering/smart_filter.go:597.2,597.112 1 0
github.com/jontk/slurm-exporter/internal/filtering/smart_filter.go:597.112,600.3 1 0
github.com/jontk/slurm-exporter/internal/filtering/smart_filter.go:603.2,603.19 1 0
github.com/jontk/slurm-exporter/internal/filtering/smart_filter.go:607.75,609.2 1 12
github.com/jontk/slurm-exporter/internal/filtering/smart_filter.go:612.46,618.6 4 11
github.com/jontk/slurm-exporter/internal/filtering/smart_filter.go:618.6,619.10 1 11
github.com/jontk/slurm-exporter/internal/filtering/smart_filter.go:620.24,621.10 1 11
github.com/jontk/slurm-exporter/internal/filtering/smart_filter.go:622.19,623.27 1 0
github.com/jontk/slurm-exporter/internal/filtering/smart_filter.go:629.45,636.68 4 0
github.com/jontk/slurm-exporter/internal/filtering/smart_filter.go:636.68,640.3 3 0
github.com/jontk/slurm-exporter/internal/filtering/smart_filter.go:643.2,647.38 4 0
github.com/jontk/slurm-exporter/internal/filtering/smart_filter.go:647.38,648.34 1 0
github.com/jontk/slurm-exporter/internal/filtering/smart_filter.go:649.19,650.15 1 0
github.com/jontk/slurm-exporter/internal/filtering/smart_filter.go:651.21,652.17 1 0
github.com/jontk/slurm-exporter/internal/filtering/smart_filter.go:653.21,654.17 1 0
github.com/jontk/slurm-exporter/internal/filtering/smart_filter.go:658.2,664.24 5 0
github.com/jontk/slurm-exporter/internal/filtering/smart_filter.go:664.24,668.3 2 0
github.com/jontk/slurm-exporter/internal/filtering/smart_filter.go:671.2,671.31 1 0
github.com/jontk/slurm-exporter/internal/filtering/smart_filter.go:671.31,674.3 2 0
github.com/jontk/slurm-exporter/internal/filtering/smart_filter.go:677.2,677.28 1 0
github.com/jontk/slurm-exporter/internal/filtering/smart_filter.go:681.58,684.40 2 0
github.com/jontk/slurm-exporter/internal/filtering/smart_filter.go:684.40,685.44 1 0
github.com/jontk/slurm-exporter/internal/filtering/smart_filter.go:685.44,687.4 1 0
github.com/jontk/slurm-exporter/internal/filtering/smart_filter.go:692.58,693.17 1 2
github.com/jontk/slurm-exporter/internal/filtering/smart_filter.go:693.17,697.3 1 0
github.com/jontk/slurm-exporter/internal/filtering/smart_filter.go:699.2,711.25 4 2
github.com/jontk/slurm-exporter/internal/filtering/smart_filter.go:711.25,713.3 1 1
github.com/jontk/slurm-exporter/internal/filtering/smart_filter.go:715.2,715.14 1 2
github.com/jontk/slurm-exporter/internal/filtering/smart_filter.go:719.63,720.17 1 2
github.com/jontk/slurm-exporter/internal/filtering/smart_filter.go:720.17,722.3 1 0
github.com/jontk/slurm-exporter/internal/filtering/smart_filter.go:724.2,728.40 4 2
github.com/jontk/slurm-exporter/internal/filtering/smart_filter.go:728.40,732.3 2 3
github.com/jontk/slurm-exporter/internal/filtering/smart_filter.go:734.2,734.17 1 2
github.com/jontk/slurm-exporter/internal/filtering/smart_filter.go:738.41,740.2 1 2
github.com/jontk/slurm-exporter/internal/filtering/smart_filter.go:743.38,744.22 1 11
github.com/jontk/slurm-exporter/internal/filtering/smart_filter.go:744.22,747.3 2 11
github.com/jontk/slurm-exporter/internal/filtering/smart_filter.go:749.2,750.12 2 11
github.com/jontk/slurm-exporter/internal/debug/endpoints.go:101.83,102.18 1 16
github.com/jontk/slurm-exporter/internal/debug/endpoints.go:102.18,109.3 2 1
github.com/jontk/slurm-exporter/internal/debug/endpoints.go:112.2,127.16 4 15
github.com/jontk/slurm-exporter/internal/debug/endpoints.go:138.3,139.17 1 6
github.com/jontk/slurm-exporter/internal/debug/endpoints.go:139.17,141.3 1 0
github.com/jontk/slurm-exporter/internal/debug/endpoints.go:143.2,153.47 9 6
github.com/jontk/slurm-exporter/internal/debug/endpoints.go:157.60,158.17 1 0
github.com/jontk/slurm-exporter/internal/debug/endpoints.go:158.17,160.3 1 0
github.com/jontk/slurm-exporter/internal/debug/endpoints.go:163.2,167.40 3 0
github.com/jontk/slurm-exporter/internal/debug/endpoints.go:167.40,169.3 1 0
github.com/jontk/slurm-exporter/internal/debug/endpoints.go:170.2,170.37 1 0
github.com/jontk/slurm-exporter/internal/debug/endpoints.go:170.37,172.3 1 0
github.com/jontk/slurm-exporter/internal/debug/endpoints.go:173.2,173.38 1 0
github.com/jontk/slurm-exporter/internal/debug/endpoints.go:173.38,175.3 1 0
github.com/jontk/slurm-exporter/internal/debug/endpoints.go:176.2,176.39 1 0
github.com/jontk/slurm-exporter/internal/debug/endpoints.go:176.39,178.3 1 0
github.com/jontk/slurm-exporter/internal/debug/endpoints.go:179.2,179.36 1 0
github.com/jontk/slurm-exporter/internal/debug/endpoints.go:179.36,181.3 1 0
github.com/jontk/slurm-exporter/internal/debug/endpoints.go:182.2,182.37 1 0
github.com/jontk/slurm-exporter/internal/debug/endpoints.go:182.37,184.3 1 0
github.com/jontk/slurm-exporter/internal/debug/endpoints.go:185.2,185.36 1 0
github.com/jontk/slurm-exporter/internal/debug/endpoints.go:185.36,187.3 1 0
github.com/jontk/slurm-exporter/internal/debug/endpoints.go:188.2,188.35 1 0
github.com/jontk/slurm-exporter/internal/debug/endpoints.go:188.35,190.3 1 0
github.com/jontk/slurm-exporter/internal/debug/endpoints.go:192.2,192.99 1 0
github.com/jontk/slurm-exporter/internal/debug/endpoints.go:196.77,197.54 1 1
github.com/jontk/slurm-exporter/internal/debug/endpoints.go:197.54,203.28 4 2
github.com/jontk/slurm-exporter/internal/debug/endpoints.go:203.28,205.79 2 2
github.com/jontk/slurm-exporter/internal/debug/endpoints.go:205.79,209.5 3 1
github.com/jontk/slurm-exporter/internal/debug/endpoints.go:213.3,219.16 2 1
github.com/jontk/slurm-exporter/internal/debug/endpoints.go:224.65,225.42 1 38
github.com/jontk/slurm-exporter/internal/debug/endpoints.go:225.42,227.3 1 36
github.com/jontk/slurm-exporter/internal/debug/endpoints.go:229.2,229.53 1 2
github.com/jontk/slurm-exporter/internal/debug/endpoints.go:229.53,230.26 1 3
github.com/jontk/slurm-exporter/internal/debug/endpoints.go:230.26,232.4 1 1
github.com/jontk/slurm-exporter/internal/debug/endpoints.go:234.2,234.14 1 1
github.com/jontk/slurm-exporter/internal/debug/endpoints.go:238.77,249.22 3 3
github.com/jontk/slurm-exporter/internal/debug/endpoints.go:249.22,251.3 1 1
github.com/jontk/slurm-exporter/internal/debug/endpoints.go:251.8,252.61 1 2
github.com/jontk/slurm-exporter/internal/debug/endpoints.go:252.61,255.4 2 0
github.com/jontk/slurm-exporter/internal/debug/endpoints.go:260.82,261.26 1 1
github.com/jontk/slurm-exporter/internal/debug/endpoints.go:261.26,264.3 2 0
github.com/jontk/slurm-exporter/internal/debug/endpoints.go:266.2,277.22 5 1
github.com/jontk/slurm-exporter/internal/debug/endpoints.go:277.22,279.3 1 1
github.com/jontk/slurm-exporter/internal/debug/endpoints.go:279.8,280.66 1 0
github.com/jontk/slurm-exporter/internal/debug/endpoints.go:280.66,283.4 2 0
github.com/jontk/slurm-exporter/internal/debug/endpoints.go:288.79,289.22 1 1
github.com/jontk/slurm-exporter/internal/debug/endpoints.go:289.22,292.3 2 0
github.com/jontk/slurm-exporter/internal/debug/endpoints.go:294.2,305.22 5 1
github.com/jontk/slurm-exporter/internal/debug/endpoints.go:305.22,307.3 1 1
github.com/jontk/slurm-exporter/internal/debug/endpoints.go:307.8,308.63 1 0
github.com/jontk/slurm-exporter/internal/debug/endpoints.go:308.63,311.4 2 0
github.com/jontk/slurm-exporter/internal/debug/endpoints.go:316.80,317.22 1 1
github.com/jontk/slurm-exporter/internal/debug/endpoints.go:317.22,320.3 2 0
github.com/jontk/slurm-exporter/internal/debug/endpoints.go:322.2,346.22 10 1
github.com/jontk/slurm-exporter/internal/debug/endpoints.go:346.22,348.3 1 1
github.com/jontk/slurm-exporter/internal/debug/endpoints.go:348.8,349.64 1 0
github.com/jontk/slurm-exporter/internal/debug/endpoints.go:349.64,352.4 2 0
github.com/jontk/slurm-exporter/internal/debug/endpoints.go:357.81,358.25 1 1
github.com/jontk/slurm-exporter/internal/debug/endpoints.go:358.25,361.3 2 0
github.com/jontk/slurm-exporter/internal/debug/endpoints.go:363.2,374.22 5 1
github.com/jontk/slurm-exporter/internal/debug/endpoints.go:374.22,376.3 1 1
github.com/jontk/slurm-exporter/internal/debug/endpoints.go:376.8,377.65 1 0
github.com/jontk/slurm-exporter/internal/debug/endpoints.go:377.65,380.4 2 0
github.com/jontk/slurm-exporter/internal/debug/endpoints.go:385.78,386.22 1 1
github.com/jontk/slurm-exporter/internal/debug/endpoints.go:386.22,389.3 2 0
github.com/jontk/slurm-exporter/internal/debug/endpoints.go:391.2,401.22 5 1
github.com/jontk/slurm-exporter/internal/debug/endpoints.go:401.22,403.3 1 1
github.com/jontk/slurm-exporter/internal/debug/endpoints.go:403.8,404.62 1 0
github.com/jontk/slurm-exporter/internal/debug/endpoints.go:404.62,407.4 2 0
github.com/jontk/slurm-exporter/internal/debug/endpoints.go:412.79,438.22 5 1
github.com/jontk/slurm-exporter/internal/debug/endpoints.go:438.22,440.3 1 1
github.com/jontk/slurm-exporter/internal/debug/endpoints.go:440.8,441.63 1 0
github.com/jontk/slurm-exporter/internal/debug/endpoints.go:441.63,444.4 2 0
github.com/jontk/slurm-exporter/internal/debug/endpoints.go:449.78,458.22 3 0
github.com/jontk/slurm-exporter/internal/debug/endpoints.go:458.22,460.3 1 0
github.com/jontk/slurm-exporter/internal/debug/endpoints.go:460.8,461.62 1 0
github.com/jontk/slurm-exporter/internal/debug/endpoints.go:461.62,464.4 2 0
github.com/jontk/slurm-exporter/internal/debug/endpoints.go:469.77,470.21 1 0
github.com/jontk/slurm-exporter/internal/debug/endpoints.go:470.21,473.3 2 0
github.com/jontk/slurm-exporter/internal/debug/endpoints.go:475.2,485.22 5 0
github.com/jontk/slurm-exporter/internal/debug/endpoints.go:485.22,487.3 1 0
github.com/jontk/slurm-exporter/internal/debug/endpoints.go:487.8,488.61 1 0
github.com/jontk/slurm-exporter/internal/debug/endpoints.go:488.61,491.4 2 0
github.com/jontk/slurm-exporter/internal/debug/endpoints.go:497.58,501.37 3 5
github.com/jontk/slurm-exporter/internal/debug/endpoints.go:501.37,502.37 1 35
github.com/jontk/slurm-exporter/internal/debug/endpoints.go:502.37,504.4 1 35
github.com/jontk/slurm-exporter/internal/debug/endpoints.go:507.2,507.18 1 5
github.com/jontk/slurm-exporter/internal/debug/endpoints.go:510.62,519.2 1 5
github.com/jontk/slurm-exporter/internal/debug/endpoints.go:521.139,526.31 4 1
github.com/jontk/slurm-exporter/internal/debug/endpoints.go:526.31,527.20 1 1
github.com/jontk/slurm-exporter/internal/debug/endpoints.go:527.20,529.4 1 1
github.com/jontk/slurm-exporter/internal/debug/endpoints.go:530.3,530.34 1 1
github.com/jontk/slurm-exporter/internal/debug/endpoints.go:530.34,532.4 1 0
github.com/jontk/slurm-exporter/internal/debug/endpoints.go:535.2,539.3 1 1
github.com/jontk/slurm-exporter/internal/debug/endpoints.go:542.151,545.37 2 4
github.com/jontk/slurm-exporter/internal/debug/endpoints.go:545.37,547.65 1 10
github.com/jontk/slurm-exporter/internal/debug/endpoints.go:547.65,548.12 1 2
github.com/jontk/slurm-exporter/internal/debug/endpoints.go:552.3,552.57 1 8
github.com/jontk/slurm-exporter/internal/debug/endpoints.go:552.57,553.12 1 2
github.com/jontk/slurm-exporter/internal/debug/endpoints.go:556.3,556.26 1 6
github.com/jontk/slurm-exporter/internal/debug/endpoints.go:559.2,559.17 1 4
github.com/jontk/slurm-exporter/internal/debug/endpoints.go:562.124,565.35 2 1
github.com/jontk/slurm-exporter/internal/debug/endpoints.go:565.35,567.3 1 1
github.com/jontk/slurm-exporter/internal/debug/endpoints.go:569.2,569.16 1 1
github.com/jontk/slurm-exporter/internal/debug/endpoints.go:570.15,571.42 1 0
github.com/jontk/slurm-exporter/internal/debug/endpoints.go:571.42,573.4 1 0
github.com/jontk/slurm-exporter/internal/debug/endpoints.go:574.17,575.42 1 0
github.com/jontk/slurm-exporter/internal/debug/endpoints.go:575.42,577.4 1 0
github.com/jontk/slurm-exporter/internal/debug/endpoints.go:578.14,579.42 1 0
github.com/jontk/slurm-exporter/internal/debug/endpoints.go:579.42,581.4 1 0
github.com/jontk/slurm-exporter/internal/debug/endpoints.go:582.10,584.42 1 1
github.com/jontk/slurm-exporter/internal/debug/endpoints.go:584.42,586.4 1 0
github.com/jontk/slurm-exporter/internal/debug/endpoints.go:589.2,589.15 1 1
github.com/jontk/slurm-exporter/internal/debug/endpoints.go:592.76,594.56 2 7
github.com/jontk/slurm-exporter/internal/debug/endpoints.go:594.56,597.3 2 0
github.com/jontk/slurm-exporter/internal/debug/endpoints.go:600.100,603.2 2 2
github.com/jontk/slurm-exporter/internal/debug/endpoints.go:606.42,608.2 1 2
github.com/jontk/slurm-exporter/internal/debug/endpoints.go:611.59,612.17 1 2
github.com/jontk/slurm-exporter/internal/debug/endpoints.go:612.17,616.3 1 0
github.com/jontk/slurm-exporter/internal/debug/endpoints.go:618.2,627.3 3 2
github.com/jontk/slurm-exporter/internal/debug/integration_example.go:36.60,41.2 1 0
github.com/jontk/slurm-exporter/internal/debug/integration_example.go:43.75,48.31 4 0
github.com/jontk/slurm-exporter/internal/debug/integration_example.go:48.31,50.3 1 0
github.com/jontk/slurm-exporter/internal/debug/integration_example.go:51.2,51.15 1 0
github.com/jontk/slurm-exporter/internal/debug/integration_example.go:54.78,59.32 4 0
github.com/jontk/slurm-exporter/internal/debug/integration_example.go:59.32,61.3 1 0
github.com/jontk/slurm-exporter/internal/debug/integration_example.go:62.2,62.16 1 0
github.com/jontk/slurm-exporter/internal/debug/integration_example.go:65.77,87.2 4 0
github.com/jontk/slurm-exporter/internal/debug/integration_example.go:90.59,105.26 5 0
github.com/jontk/slurm-exporter/internal/debug/integration_example.go:105.26,107.3 1 0
github.com/jontk/slurm-exporter/internal/debug/integration_example.go:112.2,120.16 3 0
github.com/jontk/slurm-exporter/internal/debug/integration_example.go:120.16,122.3 1 0
github.com/jontk/slurm-exporter/internal/debug/integration_example.go:125.2,134.16 3 0
github.com/jontk/slurm-exporter/internal/debug/integration_example.go:134.16,136.3 1 0
github.com/jontk/slurm-exporter/internal/debug/integration_example.go:139.2,146.16 3 0
github.com/jontk/slurm-exporter/internal/debug/integration_example.go:146.16,148.3 1 0
github.com/jontk/slurm-exporter/internal/debug/integration_example.go:151.2,178.20 11 0
github.com/jontk/slurm-exporter/internal/debug/integration_example.go:182.57,189.73 3 0
github.com/jontk/slurm-exporter/internal/debug/integration_example.go:189.73,193.3 3 0
github.com/jontk/slurm-exporter/internal/debug/integration_example.go:196.2,199.39 3 0
github.com/jontk/slurm-exporter/internal/debug/integration_example.go:203.51,210.6 5 0
github.com/jontk/slurm-exporter/internal/debug/integration_example.go:210.6,211.10 1 0
github.com/jontk/slurm-exporter/internal/debug/integration_example.go:212.19,215.21 2 0
github.com/jontk/slurm-exporter/internal/debug/integration_example.go:215.21,217.5 1 0
github.com/jontk/slurm-exporter/internal/debug/integration_example.go:220.4,235.41 4 0
github.com/jontk/slurm-exporter/internal/debug/integration_example.go:241.56,245.49 3 0
github.com/jontk/slurm-exporter/internal/debug/integration_example.go:245.49,246.21 1 0
github.com/jontk/slurm-exporter/internal/debug/integration_example.go:246.21,247.12 1 0
github.com/jontk/slurm-exporter/internal/debug/integration_example.go:251.3,256.51 4 0
github.com/jontk/slurm-exporter/internal/debug/integration_example.go:256.51,259.4 2 0
github.com/jontk/slurm-exporter/internal/debug/integration_example.go:259.9,259.41 1 0
github.com/jontk/slurm-exporter/internal/debug/integration_example.go:259.41,261.4 1 0
github.com/jontk/slurm-exporter/internal/debug/integration_example.go:264.3,269.62 3 0
github.com/jontk/slurm-exporter/internal/debug/integration_example.go:269.62,271.36 2 0
github.com/jontk/slurm-exporter/internal/debug/integration_example.go:271.36,274.5 2 0
github.com/jontk/slurm-exporter/internal/debug/integration_example.go:275.4,276.42 2 0
github.com/jontk/slurm-exporter/internal/debug/integration_example.go:288.68,293.30 4 0
github.com/jontk/slurm-exporter/internal/debug/integration_example.go:293.30,295.3 1 0
github.com/jontk/slurm-exporter/internal/debug/integration_example.go:296.2,296.14 1 0
github.com/jontk/slurm-exporter/internal/debug/integration_example.go:299.70,304.31 4 0
github.com/jontk/slurm-exporter/internal/debug/integration_example.go:304.31,306.3 1 0
github.com/jontk/slurm-exporter/internal/debug/integration_example.go:307.2,307.15 1 0
github.com/jontk/slurm-exporter/internal/debug/integration_example.go:310.53,354.2 6 0
github.com/jontk/slurm-exporter/internal/debug/integration_example.go:357.21,360.16 2 0
github.com/jontk/slurm-exporter/internal/debug/integration_example.go:360.16,362.3 1 0
github.com/jontk/slurm-exporter/internal/debug/integration_example.go:365.2,378.43 13 0
github.com/jontk/slurm-exporter/internal/debug/integration_example.go:378.43,380.3 1 0
github.com/jontk/slurm-exporter/internal/debug/integration_example.go:384.37,400.26 5 0
github.com/jontk/slurm-exporter/internal/debug/integration_example.go:400.26,403.3 2 0
github.com/jontk/slurm-exporter/internal/debug/integration_example.go:409.2,413.85 3 0
github.com/jontk/slurm-exporter/internal/debug/integration_example.go:413.85,416.3 2 0
github.com/jontk/slurm-exporter/internal/debug/integration_example.go:419.2,422.12 3 0
github.com/jontk/slurm-exporter/internal/debug/integration_example.go:422.12,423.66 1 0
github.com/jontk/slurm-exporter/internal/debug/integration_example.go:423.66,425.4 1 0
github.com/jontk/slurm-exporter/internal/debug/integration_example.go:429.2,430.85 2 0
github.com/jontk/slurm-exporter/cmd/slurm-exporter/main.go:31.13,35.18 2 0
github.com/jontk/slurm-exporter/cmd/slurm-exporter/main.go:35.18,39.3 3 0
github.com/jontk/slurm-exporter/cmd/slurm-exporter/main.go:42.2,42.18 1 0
github.com/jontk/slurm-exporter/cmd/slurm-exporter/main.go:42.18,43.46 1 0
github.com/jontk/slurm-exporter/cmd/slurm-exporter/main.go:43.46,46.4 2 0
github.com/jontk/slurm-exporter/cmd/slurm-exporter/main.go:47.3,48.13 2 0
github.com/jontk/slurm-exporter/cmd/slurm-exporter/main.go:52.2,53.16 2 0
github.com/jontk/slurm-exporter/cmd/slurm-exporter/main.go:53.16,56.3 1 0
github.com/jontk/slurm-exporter/cmd/slurm-exporter/main.go:59.2,59.25 1 0
github.com/jontk/slurm-exporter/cmd/slurm-exporter/main.go:59.25,61.3 1 0
github.com/jontk/slurm-exporter/cmd/slurm-exporter/main.go:64.2,65.16 2 0
github.com/jontk/slurm-exporter/cmd/slurm-exporter/main.go:65.16,67.3 1 0
github.com/jontk/slurm-exporter/cmd/slurm-exporter/main.go:68.2,75.22 4 0
github.com/jontk/slurm-exporter/cmd/slurm-exporter/main.go:75.22,77.3 1 0
github.com/jontk/slurm-exporter/cmd/slurm-exporter/main.go:78.2,78.32 1 0
github.com/jontk/slurm-exporter/cmd/slurm-exporter/main.go:78.32,80.3 1 0
github.com/jontk/slurm-exporter/cmd/slurm-exporter/main.go:82.2,96.16 4 0
github.com/jontk/slurm-exporter/cmd/slurm-exporter/main.go:96.16,98.3 1 0
github.com/jontk/slurm-exporter/cmd/slurm-exporter/main.go:101.2,102.16 2 0
github.com/jontk/slurm-exporter/cmd/slurm-exporter/main.go:102.16,104.3 1 0
github.com/jontk/slurm-exporter/cmd/slurm-exporter/main.go:107.2,110.90 2 0
github.com/jontk/slurm-exporter/cmd/slurm-exporter/main.go:110.90,112.3 1 0
github.com/jontk/slurm-exporter/cmd/slurm-exporter/main.go:115.2,120.16 4 0
github.com/jontk/slurm-exporter/cmd/slurm-exporter/main.go:120.16,123.3 1 0
github.com/jontk/slurm-exporter/cmd/slurm-exporter/main.go:123.8,124.50 1 0
github.com/jontk/slurm-exporter/cmd/slurm-exporter/main.go:124.50,126.4 1 0
github.com/jontk/slurm-exporter/cmd/slurm-exporter/main.go:126.9,128.4 1 0
github.com/jontk/slurm-exporter/cmd/slurm-exporter/main.go:129.3,129.29 1 0
github.com/jontk/slurm-exporter/cmd/slurm-exporter/main.go:133.2,134.16 2 0
github.com/jontk/slurm-exporter/cmd/slurm-exporter/main.go:134.16,136.3 1 0
github.com/jontk/slurm-exporter/cmd/slurm-exporter/main.go:139.2,142.69 2 0
github.com/jontk/slurm-exporter/cmd/slurm-exporter/main.go:142.69,145.3 2 0
github.com/jontk/slurm-exporter/cmd/slurm-exporter/main.go:147.2,147.69 1 0
github.com/jontk/slurm-exporter/cmd/slurm-exporter/main.go:147.69,150.3 2 0
github.com/jontk/slurm-exporter/cmd/slurm-exporter/main.go:153.2,157.12 3 0
github.com/jontk/slurm-exporter/cmd/slurm-exporter/main.go:157.12,158.71 1 0
github.com/jontk/slurm-exporter/cmd/slurm-exporter/main.go:158.71,160.4 1 0
github.com/jontk/slurm-exporter/cmd/slurm-exporter/main.go:164.2,165.9 2 0
github.com/jontk/slurm-exporter/cmd/slurm-exporter/main.go:166.38,168.15 2 0
github.com/jontk/slurm-exporter/cmd/slurm-exporter/main.go:169.24,171.15 2 0
github.com/jontk/slurm-exporter/cmd/slurm-exporter/main.go:175.2,176.44 2 0
github.com/jontk/slurm-exporter/cmd/slurm-exporter/main.go:176.44,179.3 2 0
github.com/jontk/slurm-exporter/cmd/slurm-exporter/main.go:179.8,181.3 1 0
github.com/jontk/slurm-exporter/cmd/slurm-exporter/main.go:183.2,183.19 1 0
github.com/jontk/slurm-exporter/cmd/slurm-exporter/main.go:187.33,192.67 2 0
github.com/jontk/slurm-exporter/cmd/slurm-exporter/main.go:192.67,194.3 1 0
github.com/jontk/slurm-exporter/cmd/slurm-exporter/main.go:197.2,203.16 3 0
github.com/jontk/slurm-exporter/cmd/slurm-exporter/main.go:203.16,205.3 1 0
github.com/jontk/slurm-exporter/cmd/slurm-exporter/main.go:206.2,209.38 2 0
github.com/jontk/slurm-exporter/cmd/slurm-exporter/main.go:209.38,211.3 1 0
github.com/jontk/slurm-exporter/cmd/slurm-exporter/main.go:213.2,213.12 1 0
github.com/jontk/slurm-exporter/cmd/slurm-exporter/shutdown.go:31.88,40.2 1 10
github.com/jontk/slurm-exporter/cmd/slurm-exporter/shutdown.go:43.76,47.42 3 23
github.com/jontk/slurm-exporter/cmd/slurm-exporter/shutdown.go:47.42,49.3 1 22
github.com/jontk/slurm-exporter/cmd/slurm-exporter/shutdown.go:50.2,52.69 2 23
github.com/jontk/slurm-exporter/cmd/slurm-exporter/shutdown.go:56.60,60.41 3 7
github.com/jontk/slurm-exporter/cmd/slurm-exporter/shutdown.go:60.41,64.41 2 5
github.com/jontk/slurm-exporter/cmd/slurm-exporter/shutdown.go:64.41,65.24 1 12
github.com/jontk/slurm-exporter/cmd/slurm-exporter/shutdown.go:65.24,67.10 2 5
github.com/jontk/slurm-exporter/cmd/slurm-exporter/shutdown.go:71.3,71.67 1 5
github.com/jontk/slurm-exporter/cmd/slurm-exporter/shutdown.go:76.55,80.16 3 1
github.com/jontk/slurm-exporter/cmd/slurm-exporter/shutdown.go:80.16,82.3 1 0
github.com/jontk/slurm-exporter/cmd/slurm-exporter/shutdown.go:85.2,93.67 3 1
github.com/jontk/slurm-exporter/cmd/slurm-exporter/shutdown.go:97.58,99.2 1 1
github.com/jontk/slurm-exporter/cmd/slurm-exporter/shutdown.go:102.45,121.39 12 7
github.com/jontk/slurm-exporter/cmd/slurm-exporter/shutdown.go:121.39,128.14 5 15
github.com/jontk/slurm-exporter/cmd/slurm-exporter/shutdown.go:128.14,129.12 1 0
github.com/jontk/slurm-exporter/cmd/slurm-exporter/shutdown.go:132.3,135.72 3 15
github.com/jontk/slurm-exporter/cmd/slurm-exporter/shutdown.go:135.72,138.4 2 3
github.com/jontk/slurm-exporter/cmd/slurm-exporter/shutdown.go:138.9,144.4 2 12
github.com/jontk/slurm-exporter/cmd/slurm-exporter/shutdown.go:147.2,155.21 3 7
github.com/jontk/slurm-exporter/cmd/slurm-exporter/shutdown.go:155.21,157.3 1 3
github.com/jontk/slurm-exporter/cmd/slurm-exporter/shutdown.go:159.2,159.12 1 4
github.com/jontk/slurm-exporter/cmd/slurm-exporter/shutdown.go:163.110,166.12 2 15
github.com/jontk/slurm-exporter/cmd/slurm-exporter/shutdown.go:166.12,167.16 1 15
github.com/jontk/slurm-exporter/cmd/slurm-exporter/shutdown.go:167.16,168.32 1 14
github.com/jontk/slurm-exporter/cmd/slurm-exporter/shutdown.go:168.32,170.5 1 1
github.com/jontk/slurm-exporter/cmd/slurm-exporter/shutdown.go:172.3,172.20 1 15
github.com/jontk/slurm-exporter/cmd/slurm-exporter/shutdown.go:175.2,175.9 1 15
github.com/jontk/slurm-exporter/cmd/slurm-exporter/shutdown.go:176.21,177.13 1 14
github.com/jontk/slurm-exporter/cmd/slurm-exporter/shutdown.go:178.20,179.56 1 1
github.com/jontk/slurm-exporter/cmd/slurm-exporter/shutdown.go:184.50,185.9 1 2
github.com/jontk/slurm-exporter/cmd/slurm-exporter/shutdown.go:186.23,187.14 1 1
github.com/jontk/slurm-exporter/cmd/slurm-exporter/shutdown.go:188.10,189.15 1 1
github.com/jontk/slurm-exporter/cmd/slurm-exporter/shutdown.go:194.35,196.2 1 0
github.com/jontk/slurm-exporter/cmd/slurm-exporter/shutdown.go:199.58,206.2 5 6
